#
# A fatal error has been detected by the Java Runtime Environment:
#
#  EXCEPTION_ACCESS_VIOLATION (0xc0000005) at pc=0x00000000661b41ff, pid=27528, tid=0x00000000000067d0
#
# JRE version: Java(TM) SE Runtime Environment (8.0_201-b09) (build 1.8.0_201-b09)
# Java VM: Java HotSpot(TM) 64-Bit Server VM (25.201-b09 mixed mode windows-amd64 compressed oops)
# Problematic frame:
# V  [jvm.dll+0x3d41ff]
#
# Failed to write core dump. Minidumps are not enabled by default on client versions of Windows
#
# If you would like to submit a bug report, please visit:
#   http://bugreport.java.com/bugreport/crash.jsp
#

---------------  T H R E A D  ---------------

Current thread (0x000000000355e800):  GCTaskThread [stack: 0x0000000013b50000,0x0000000013c50000] [id=26576]

siginfo: ExceptionCode=0xc0000005, ExceptionInformation=0x0000000000000008 0x0000000000004006

Registers:
RAX=0x000000000000011b, RBX=0x0000000000000003, RCX=0x0000000000000000, RDX=0x000000001ceb55e0
RSP=0x0000000013c4f630, RBP=0x0000000013c4f710, RSI=0x0000000000000004, RDI=0x0000000003630cc0
R8 =0x0000000000000000, R9 =0x0000000075aa73d4, R10=0x0000000000000002, R11=0x0000000013c4f6a0
R12=0x0000000000000004, R13=0x0000000013c4f728, R14=0x0000000000000000, R15=0x000000000355eb90
RIP=0x00000000661b41ff, EFLAGS=0x0000000000010246

Top of Stack: (sp=0x0000000013c4f630)
0x0000000013c4f630:   00000007c00000bb 0000000000000000
0x0000000013c4f640:   02c5e8d1000006f0 00007ff90f02370d
0x0000000013c4f650:   009e93d00000011b 023149e3000006fd
0x0000000013c4f660:   000000078d1a0000 02c5e8d0000006f0
0x0000000013c4f670:   00500e210000006a 000000006605ef9f
0x0000000013c4f680:   0000000000000000 0000000003552d60
0x0000000013c4f690:   000000000355eb80 0000000003552d60
0x0000000013c4f6a0:   000000000355eb80 0000000003552d60
0x0000000013c4f6b0:   000000006643b9d8 000000001ed9dda0
0x0000000013c4f6c0:   0000000000000004 00000000661e7b5d
0x0000000013c4f6d0:   000000001ceb5740 000000001ceb5740
0x0000000013c4f6e0:   0000000000000000 0000000792811439
0x0000000013c4f6f0:   000000001ed9dda0 0000000000000000
0x0000000013c4f700:   0000000000000000 00000000661d665e
0x0000000013c4f710:   0000000075aa73d4 000000000355e800
0x0000000013c4f720:   0000000000000000 0000000000000000 

Instructions: (pc=0x00000000661b41ff)
0x00000000661b41df:   0a 48 89 44 24 20 8b 44 24 20 2b c8 81 e1 ff ff
0x00000000661b41ef:   01 00 81 f9 ff ff 01 00 41 0f 44 ce 85 c9 75 07
0x00000000661b41ff:   32 c0 e9 e3 00 00 00 8b 4c 24 20 48 8b 42 30 48
0x00000000661b420f:   8b 04 c8 48 8b 5c 24 20 49 89 45 00 8d 43 01 48 


Register to memory mapping:

RAX=0x000000000000011b is an unknown value
RBX=0x0000000000000003 is an unknown value
RCX=0x0000000000000000 is an unknown value
RDX=0x000000001ceb55e0 is an unknown value
RSP=0x0000000013c4f630 is an unknown value
RBP=0x0000000013c4f710 is an unknown value
RSI=0x0000000000000004 is an unknown value
RDI=0x0000000003630cc0 is an unknown value
R8 =0x0000000000000000 is an unknown value
R9 =0x0000000075aa73d4 is an unknown value
R10=0x0000000000000002 is an unknown value
R11=0x0000000013c4f6a0 is an unknown value
R12=0x0000000000000004 is an unknown value
R13=0x0000000013c4f728 is an unknown value
R14=0x0000000000000000 is an unknown value
R15=0x000000000355eb90 is an unknown value


Stack: [0x0000000013b50000,0x0000000013c50000],  sp=0x0000000013c4f630,  free space=1021k
Native frames: (J=compiled Java code, j=interpreted, Vv=VM code, C=native code)
V  [jvm.dll+0x3d41ff]
V  [jvm.dll+0x407b5d]
V  [jvm.dll+0x3f665e]
V  [jvm.dll+0x29fb6a]
C  [msvcr100.dll+0x21db7]
C  [msvcr100.dll+0x21e53]
C  [KERNEL32.DLL+0x14034]
C  [ntdll.dll+0x73691]


---------------  P R O C E S S  ---------------

Java Threads: ( => current thread )
  0x000000001eae1800 JavaThread "ReaderThread" [_thread_in_native, id=13240, stack(0x000000001f4b0000,0x000000001f5b0000)]
  0x000000001ea7b800 JavaThread "Service Thread" daemon [_thread_blocked, id=4224, stack(0x000000001f2b0000,0x000000001f3b0000)]
  0x000000001e9fe000 JavaThread "C1 CompilerThread2" daemon [_thread_blocked, id=13276, stack(0x000000001f1b0000,0x000000001f2b0000)]
  0x000000001cf0d800 JavaThread "C2 CompilerThread1" daemon [_thread_blocked, id=23116, stack(0x000000001f0b0000,0x000000001f1b0000)]
  0x000000001cf05800 JavaThread "C2 CompilerThread0" daemon [_thread_blocked, id=26684, stack(0x000000001efb0000,0x000000001f0b0000)]
  0x000000001cf02800 JavaThread "Attach Listener" daemon [_thread_blocked, id=22024, stack(0x000000001eeb0000,0x000000001efb0000)]
  0x000000001e9f2800 JavaThread "Signal Dispatcher" daemon [_thread_blocked, id=14272, stack(0x000000001edb0000,0x000000001eeb0000)]
  0x000000001cedc800 JavaThread "Finalizer" daemon [_thread_blocked, id=23732, stack(0x000000001e790000,0x000000001e890000)]
  0x0000000003634800 JavaThread "Reference Handler" daemon [_thread_blocked, id=8460, stack(0x000000001e690000,0x000000001e790000)]
  0x000000000353e000 JavaThread "main" [_thread_blocked, id=24900, stack(0x0000000003420000,0x0000000003520000)]

Other Threads:
  0x000000001ceb8000 VMThread [stack: 0x000000001e590000,0x000000001e690000] [id=5764]
  0x000000001eac4000 WatcherThread [stack: 0x000000001f3b0000,0x000000001f4b0000] [id=13060]

=>0x000000000355e800 (exited) GCTaskThread [stack: 0x0000000013b50000,0x0000000013c50000] [id=26576]

VM state:at safepoint (normal execution)

VM Mutex/Monitor currently owned by a thread:  ([mutex/lock_event])
[0x000000000353d8b0] Threads_lock - owner thread: 0x000000001ceb8000
[0x000000000353d030] Heap_lock - owner thread: 0x000000000353e000

heap address: 0x00000006c1200000, size: 4078 MB, Compressed Oops mode: Zero based, Oop shift amount: 3
Narrow klass base: 0x0000000000000000, Narrow klass shift: 3
Compressed class space size: 1073741824 Address: 0x00000007c0000000

Heap:
 PSYoungGen      total 798208K, used 738421K [0x000000076b100000, 0x00000007b8f80000, 0x00000007c0000000)
  eden space 334336K, 100% used [0x000000076b100000,0x000000077f780000,0x000000077f780000)
  from space 463872K, 87% used [0x000000079bc80000,0x00000007b471d400,0x00000007b8180000)
  to   space 463872K, 68% used [0x000000077f780000,0x0000000792e70000,0x000000079bc80000)
 ParOldGen       total 1907200K, used 1452039K [0x00000006c1200000, 0x0000000735880000, 0x000000076b100000)
  object space 1907200K, 76% used [0x00000006c1200000,0x0000000719c01d18,0x0000000735880000)
 Metaspace       used 3982K, capacity 4826K, committed 5120K, reserved 1056768K
  class space    used 446K, capacity 465K, committed 512K, reserved 1048576K

Card table byte_map: [0x0000000012a00000,0x0000000013200000] byte_map_base: 0x000000000f3f7000

Marking Bits: (ParMarkBitMap*) 0x0000000066604ce0
 Begin Bits: [0x0000000013d50000, 0x0000000017d08000)
 End Bits:   [0x0000000017d08000, 0x000000001bcc0000)

Polling page: 0x00000000030b0000

CodeCache: size=245760Kb used=1585Kb max_used=1614Kb free=244174Kb
 bounds [0x0000000003640000, 0x00000000038b0000, 0x0000000012640000]
 total_blobs=498 nmethods=223 adapters=188
 compilation: enabled

Compilation events (10 events):
Event: 0.132 Thread 0x000000001cf05800 nmethod 219 0x00000000037be990 code [0x00000000037beae0, 0x00000000037beca8]
Event: 0.132 Thread 0x000000001cf05800  222       4       java.lang.String::lastIndexOf (52 bytes)
Event: 0.133 Thread 0x000000001cf05800 nmethod 222 0x00000000037beed0 code [0x00000000037bf000, 0x00000000037bf138]
Event: 0.133 Thread 0x000000001cf05800  221       4       java.math.BigInteger::compareMagnitude (96 bytes)
Event: 0.134 Thread 0x000000001cf05800 nmethod 221 0x00000000037bf210 code [0x00000000037bf360, 0x00000000037bf498]
Event: 0.134 Thread 0x000000001cf05800  220       4       java.math.BigInteger::compareTo (71 bytes)
Event: 0.135 Thread 0x000000001cf05800 nmethod 220 0x00000000037bf610 code [0x00000000037bf760, 0x00000000037bf908]
Event: 0.152 Thread 0x000000001cf0d800 nmethod 208% 0x00000000037c3710 code [0x00000000037c3a40, 0x00000000037c5ee8]
Event: 0.152 Thread 0x000000001cf05800  223       4       jemushatt.hw4.Composite::<init> (218 bytes)
Event: 0.239 Thread 0x000000001cf05800 nmethod 223 0x00000000037ceb50 code [0x00000000037cf060, 0x00000000037d37f8]

GC Heap History (10 events):
Event: 41.008 GC heap after
Heap after GC invocations=14 (full 5):
 PSYoungGen      total 482816K, used 96673K [0x000000076b100000, 0x00000007aa580000, 0x00000007c0000000)
  eden space 219136K, 0% used [0x000000076b100000,0x000000076b100000,0x0000000778700000)
  from space 263680K, 36% used [0x0000000778700000,0x000000077e568600,0x0000000788880000)
  to   space 374784K, 0% used [0x0000000793780000,0x0000000793780000,0x00000007aa580000)
 ParOldGen       total 1385472K, used 969933K [0x00000006c1200000, 0x0000000715b00000, 0x000000076b100000)
  object space 1385472K, 70% used [0x00000006c1200000,0x00000006fc533650,0x0000000715b00000)
 Metaspace       used 3982K, capacity 4826K, committed 5120K, reserved 1056768K
  class space    used 446K, capacity 465K, committed 512K, reserved 1048576K
}
Event: 41.100 GC heap before
{Heap before GC invocations=15 (full 5):
 PSYoungGen      total 482816K, used 315809K [0x000000076b100000, 0x00000007aa580000, 0x00000007c0000000)
  eden space 219136K, 100% used [0x000000076b100000,0x0000000778700000,0x0000000778700000)
  from space 263680K, 36% used [0x0000000778700000,0x000000077e568600,0x0000000788880000)
  to   space 374784K, 0% used [0x0000000793780000,0x0000000793780000,0x00000007aa580000)
 ParOldGen       total 1385472K, used 969933K [0x00000006c1200000, 0x0000000715b00000, 0x000000076b100000)
  object space 1385472K, 70% used [0x00000006c1200000,0x00000006fc533650,0x0000000715b00000)
 Metaspace       used 3982K, capacity 4826K, committed 5120K, reserved 1056768K
  class space    used 446K, capacity 465K, committed 512K, reserved 1048576K
Event: 41.658 GC heap after
Heap after GC invocations=15 (full 5):
 PSYoungGen      total 626688K, used 316192K [0x000000076b100000, 0x00000007ade80000, 0x00000007c0000000)
  eden space 251904K, 0% used [0x000000076b100000,0x000000076b100000,0x000000077a700000)
  from space 374784K, 84% used [0x0000000793780000,0x00000007a6c48000,0x00000007aa580000)
  to   space 410112K, 0% used [0x000000077a700000,0x000000077a700000,0x0000000793780000)
 ParOldGen       total 1385472K, used 969933K [0x00000006c1200000, 0x0000000715b00000, 0x000000076b100000)
  object space 1385472K, 70% used [0x00000006c1200000,0x00000006fc533650,0x0000000715b00000)
 Metaspace       used 3982K, capacity 4826K, committed 5120K, reserved 1056768K
  class space    used 446K, capacity 465K, committed 512K, reserved 1048576K
}
Event: 41.764 GC heap before
{Heap before GC invocations=16 (full 5):
 PSYoungGen      total 626688K, used 568096K [0x000000076b100000, 0x00000007ade80000, 0x00000007c0000000)
  eden space 251904K, 100% used [0x000000076b100000,0x000000077a700000,0x000000077a700000)
  from space 374784K, 84% used [0x0000000793780000,0x00000007a6c48000,0x00000007aa580000)
  to   space 410112K, 0% used [0x000000077a700000,0x000000077a700000,0x0000000793780000)
 ParOldGen       total 1385472K, used 969933K [0x00000006c1200000, 0x0000000715b00000, 0x000000076b100000)
  object space 1385472K, 70% used [0x00000006c1200000,0x00000006fc533650,0x0000000715b00000)
 Metaspace       used 3982K, capacity 4826K, committed 5120K, reserved 1056768K
  class space    used 446K, capacity 465K, committed 512K, reserved 1048576K
Event: 42.747 GC heap after
Heap after GC invocations=16 (full 5):
 PSYoungGen      total 662016K, used 410112K [0x000000076b100000, 0x00000007b8180000, 0x00000007c0000000)
  eden space 251904K, 0% used [0x000000076b100000,0x000000076b100000,0x000000077a700000)
  from space 410112K, 100% used [0x000000077a700000,0x0000000793780000,0x0000000793780000)
  to   space 463872K, 0% used [0x000000079bc80000,0x000000079bc80000,0x00000007b8180000)
 ParOldGen       total 1385472K, used 1128573K [0x00000006c1200000, 0x0000000715b00000, 0x000000076b100000)
  object space 1385472K, 81% used [0x00000006c1200000,0x000000070601f650,0x0000000715b00000)
 Metaspace       used 3982K, capacity 4826K, committed 5120K, reserved 1056768K
  class space    used 446K, capacity 465K, committed 512K, reserved 1048576K
}
Event: 42.854 GC heap before
{Heap before GC invocations=17 (full 5):
 PSYoungGen      total 662016K, used 662016K [0x000000076b100000, 0x00000007b8180000, 0x00000007c0000000)
  eden space 251904K, 100% used [0x000000076b100000,0x000000077a700000,0x000000077a700000)
  from space 410112K, 100% used [0x000000077a700000,0x0000000793780000,0x0000000793780000)
  to   space 463872K, 0% used [0x000000079bc80000,0x000000079bc80000,0x00000007b8180000)
 ParOldGen       total 1385472K, used 1128573K [0x00000006c1200000, 0x0000000715b00000, 0x000000076b100000)
  object space 1385472K, 81% used [0x00000006c1200000,0x000000070601f650,0x0000000715b00000)
 Metaspace       used 3982K, capacity 4826K, committed 5120K, reserved 1056768K
  class space    used 446K, capacity 465K, committed 512K, reserved 1048576K
Event: 44.102 GC heap after
Heap after GC invocations=17 (full 5):
 PSYoungGen      total 798208K, used 463872K [0x000000076b100000, 0x00000007b8f80000, 0x00000007c0000000)
  eden space 334336K, 0% used [0x000000076b100000,0x000000076b100000,0x000000077f780000)
  from space 463872K, 100% used [0x000000079bc80000,0x00000007b8180000,0x00000007b8180000)
  to   space 463872K, 0% used [0x000000077f780000,0x000000077f780000,0x000000079bc80000)
 ParOldGen       total 1385472K, used 1327573K [0x00000006c1200000, 0x0000000715b00000, 0x000000076b100000)
  object space 1385472K, 95% used [0x00000006c1200000,0x0000000712275650,0x0000000715b00000)
 Metaspace       used 3982K, capacity 4826K, committed 5120K, reserved 1056768K
  class space    used 446K, capacity 465K, committed 512K, reserved 1048576K
}
Event: 44.102 GC heap before
{Heap before GC invocations=18 (full 6):
 PSYoungGen      total 798208K, used 463872K [0x000000076b100000, 0x00000007b8f80000, 0x00000007c0000000)
  eden space 334336K, 0% used [0x000000076b100000,0x000000076b100000,0x000000077f780000)
  from space 463872K, 100% used [0x000000079bc80000,0x00000007b8180000,0x00000007b8180000)
  to   space 463872K, 0% used [0x000000077f780000,0x000000077f780000,0x000000079bc80000)
 ParOldGen       total 1385472K, used 1327573K [0x00000006c1200000, 0x0000000715b00000, 0x000000076b100000)
  object space 1385472K, 95% used [0x00000006c1200000,0x0000000712275650,0x0000000715b00000)
 Metaspace       used 3982K, capacity 4826K, committed 5120K, reserved 1056768K
  class space    used 446K, capacity 465K, committed 512K, reserved 1048576K
Event: 49.844 GC heap after
Heap after GC invocations=18 (full 6):
 PSYoungGen      total 798208K, used 404085K [0x000000076b100000, 0x00000007b8f80000, 0x00000007c0000000)
  eden space 334336K, 0% used [0x000000076b100000,0x000000076b100000,0x000000077f780000)
  from space 463872K, 87% used [0x000000079bc80000,0x00000007b471d400,0x00000007b8180000)
  to   space 463872K, 0% used [0x000000077f780000,0x000000077f780000,0x000000079bc80000)
 ParOldGen       total 1907200K, used 1385463K [0x00000006c1200000, 0x0000000735880000, 0x000000076b100000)
  object space 1907200K, 72% used [0x00000006c1200000,0x0000000715afdd18,0x0000000735880000)
 Metaspace       used 3982K, capacity 4826K, committed 5120K, reserved 1056768K
  class space    used 446K, capacity 465K, committed 512K, reserved 1048576K
}
Event: 49.988 GC heap before
{Heap before GC invocations=19 (full 6):
 PSYoungGen      total 798208K, used 738421K [0x000000076b100000, 0x00000007b8f80000, 0x00000007c0000000)
  eden space 334336K, 100% used [0x000000076b100000,0x000000077f780000,0x000000077f780000)
  from space 463872K, 87% used [0x000000079bc80000,0x00000007b471d400,0x00000007b8180000)
  to   space 463872K, 0% used [0x000000077f780000,0x000000077f780000,0x000000079bc80000)
 ParOldGen       total 1907200K, used 1385463K [0x00000006c1200000, 0x0000000735880000, 0x000000076b100000)
  object space 1907200K, 72% used [0x00000006c1200000,0x0000000715afdd18,0x0000000735880000)
 Metaspace       used 3982K, capacity 4826K, committed 5120K, reserved 1056768K
  class space    used 446K, capacity 465K, committed 512K, reserved 1048576K

Deoptimization events (0 events):
No events

Classes redefined (0 events):
No events

Internal exceptions (9 events):
Event: 0.024 Thread 0x000000000353e000 Exception <a 'java/lang/NoSuchMethodError': Method sun.misc.Unsafe.defineClass(Ljava/lang/String;[BII)Ljava/lang/Class; name or signature does not match> (0x000000076b107cb0) thrown at [C:\re\workspace\8-2-build-windows-amd64-cygwin\jdk8u201\12322\hotspot
Event: 0.024 Thread 0x000000000353e000 Exception <a 'java/lang/NoSuchMethodError': Method sun.misc.Unsafe.prefetchRead(Ljava/lang/Object;J)V name or signature does not match> (0x000000076b107f98) thrown at [C:\re\workspace\8-2-build-windows-amd64-cygwin\jdk8u201\12322\hotspot\src\share\vm\prim
Event: 0.109 Thread 0x000000000353e000 Exception <a 'java/lang/NullPointerException'> (0x000000076b57ac80) thrown at [C:\re\workspace\8-2-build-windows-amd64-cygwin\jdk8u201\12322\hotspot\src\share\vm\interpreter\linkResolver.cpp, line 1185]
Event: 0.109 Thread 0x000000000353e000 Exception <a 'java/lang/reflect/InvocationTargetException'> (0x000000076b57ae88) thrown at [C:\re\workspace\8-2-build-windows-amd64-cygwin\jdk8u201\12322\hotspot\src\share\vm\runtime\reflection.cpp, line 1092]
Event: 0.111 Thread 0x000000000353e000 Exception <a 'java/lang/NullPointerException'> (0x000000076b58cee8) thrown at [C:\re\workspace\8-2-build-windows-amd64-cygwin\jdk8u201\12322\hotspot\src\share\vm\interpreter\linkResolver.cpp, line 1185]
Event: 0.111 Thread 0x000000000353e000 Exception <a 'java/lang/reflect/InvocationTargetException'> (0x000000076b58d0f0) thrown at [C:\re\workspace\8-2-build-windows-amd64-cygwin\jdk8u201\12322\hotspot\src\share\vm\runtime\reflection.cpp, line 1092]
Event: 0.111 Thread 0x000000000353e000 Exception <a 'java/lang/reflect/InvocationTargetException'> (0x000000076b5a0d60) thrown at [C:\re\workspace\8-2-build-windows-amd64-cygwin\jdk8u201\12322\hotspot\src\share\vm\runtime\reflection.cpp, line 1092]
Event: 0.117 Thread 0x000000000353e000 Exception <a 'java/lang/reflect/InvocationTargetException'> (0x000000076b5cc748) thrown at [C:\re\workspace\8-2-build-windows-amd64-cygwin\jdk8u201\12322\hotspot\src\share\vm\runtime\reflection.cpp, line 1092]
Event: 0.121 Thread 0x000000000353e000 Exception <a 'java/lang/reflect/InvocationTargetException'> (0x000000076b67b110) thrown at [C:\re\workspace\8-2-build-windows-amd64-cygwin\jdk8u201\12322\hotspot\src\share\vm\runtime\reflection.cpp, line 1092]

Events (10 events):
Event: 36.621 Executing VM operation: ParallelGCFailedAllocation done
Event: 36.714 Executing VM operation: ParallelGCFailedAllocation
Event: 41.008 Executing VM operation: ParallelGCFailedAllocation done
Event: 41.100 Executing VM operation: ParallelGCFailedAllocation
Event: 41.658 Executing VM operation: ParallelGCFailedAllocation done
Event: 41.764 Executing VM operation: ParallelGCFailedAllocation
Event: 42.748 Executing VM operation: ParallelGCFailedAllocation done
Event: 42.854 Executing VM operation: ParallelGCFailedAllocation
Event: 49.844 Executing VM operation: ParallelGCFailedAllocation done
Event: 49.988 Executing VM operation: ParallelGCFailedAllocation


Dynamic libraries:
0x00007ff7a7050000 - 0x00007ff7a7087000 	C:\Program Files\Java\jre1.8.0_201\bin\javaw.exe
0x00007ff9123f0000 - 0x00007ff9125d1000 	C:\Windows\SYSTEM32\ntdll.dll
0x00007ff912250000 - 0x00007ff912301000 	C:\Windows\System32\KERNEL32.DLL
0x00007ff90efd0000 - 0x00007ff90f243000 	C:\Windows\System32\KERNELBASE.dll
0x00007ff90fa10000 - 0x00007ff90fab1000 	C:\Windows\System32\ADVAPI32.dll
0x00007ff9111d0000 - 0x00007ff91126e000 	C:\Windows\System32\msvcrt.dll
0x00007ff9118b0000 - 0x00007ff91190b000 	C:\Windows\System32\sechost.dll
0x00007ff90f8e0000 - 0x00007ff90fa04000 	C:\Windows\System32\RPCRT4.dll
0x00007ff9116f0000 - 0x00007ff911880000 	C:\Windows\System32\USER32.dll
0x00007ff90f550000 - 0x00007ff90f570000 	C:\Windows\System32\win32u.dll
0x00007ff911910000 - 0x00007ff911938000 	C:\Windows\System32\GDI32.dll
0x00007ff90f360000 - 0x00007ff90f4f2000 	C:\Windows\System32\gdi32full.dll
0x00007ff90f5f0000 - 0x00007ff90f68f000 	C:\Windows\System32\msvcp_win.dll
0x00007ff90e7c0000 - 0x00007ff90e8b8000 	C:\Windows\System32\ucrtbase.dll
0x00007ff900600000 - 0x00007ff900869000 	C:\Windows\WinSxS\amd64_microsoft.windows.common-controls_6595b64144ccf1df_6.0.17134.706_none_fb43a2cb30647007\COMCTL32.dll
0x00007ff911e80000 - 0x00007ff9121a2000 	C:\Windows\System32\combase.dll
0x00007ff90f570000 - 0x00007ff90f5ea000 	C:\Windows\System32\bcryptPrimitives.dll
0x00007ff9114e0000 - 0x00007ff91150d000 	C:\Windows\System32\IMM32.DLL
0x0000000065a80000 - 0x0000000065b51000 	C:\Program Files\Java\jre1.8.0_201\bin\msvcr100.dll
0x0000000065de0000 - 0x0000000066684000 	C:\Program Files\Java\jre1.8.0_201\bin\server\jvm.dll
0x00007ff910f70000 - 0x00007ff910f78000 	C:\Windows\System32\PSAPI.DLL
0x00007ff8f0490000 - 0x00007ff8f0499000 	C:\Windows\SYSTEM32\WSOCK32.dll
0x00007ff909ea0000 - 0x00007ff909eaa000 	C:\Windows\SYSTEM32\VERSION.dll
0x00007ff910f00000 - 0x00007ff910f6c000 	C:\Windows\System32\WS2_32.dll
0x00007ff8ffb60000 - 0x00007ff8ffb83000 	C:\Windows\SYSTEM32\WINMM.dll
0x00007ff8ffa90000 - 0x00007ff8ffaba000 	C:\Windows\SYSTEM32\WINMMBASE.dll
0x00007ff90f500000 - 0x00007ff90f549000 	C:\Windows\System32\cfgmgr32.dll
0x00007ff90a470000 - 0x00007ff90a47f000 	C:\Program Files\Java\jre1.8.0_201\bin\verify.dll
0x00007ff906dc0000 - 0x00007ff906de9000 	C:\Program Files\Java\jre1.8.0_201\bin\java.dll
0x00007ff902f60000 - 0x00007ff902f76000 	C:\Program Files\Java\jre1.8.0_201\bin\zip.dll
0x00007ff90fac0000 - 0x00007ff910f00000 	C:\Windows\System32\SHELL32.dll
0x00007ff912310000 - 0x00007ff9123b9000 	C:\Windows\System32\shcore.dll
0x00007ff90e8c0000 - 0x00007ff90efcd000 	C:\Windows\System32\windows.storage.dll
0x00007ff90f880000 - 0x00007ff90f8d1000 	C:\Windows\System32\shlwapi.dll
0x00007ff90e7a0000 - 0x00007ff90e7b1000 	C:\Windows\System32\kernel.appcore.dll
0x00007ff90e710000 - 0x00007ff90e72f000 	C:\Windows\System32\profapi.dll
0x00007ff90e750000 - 0x00007ff90e79c000 	C:\Windows\System32\powrprof.dll
0x00007ff90e700000 - 0x00007ff90e70a000 	C:\Windows\System32\FLTLIB.DLL
0x00007ff902f40000 - 0x00007ff902f5a000 	C:\Program Files\Java\jre1.8.0_201\bin\net.dll
0x00007ff902390000 - 0x00007ff902558000 	C:\Windows\SYSTEM32\urlmon.dll
0x00007ff901ea0000 - 0x00007ff902146000 	C:\Windows\SYSTEM32\iertutil.dll
0x00007ff90e150000 - 0x00007ff90e15b000 	C:\Windows\SYSTEM32\CRYPTBASE.DLL
0x00007ff90df80000 - 0x00007ff90dfe6000 	C:\Windows\system32\mswsock.dll
0x00007ff909010000 - 0x00007ff9091d9000 	C:\Windows\SYSTEM32\dbghelp.dll

VM Arguments:
jvm_args: -ea -Dfile.encoding=MS932 
java_command: org.eclipse.jdt.internal.junit.runner.RemoteTestRunner -version 3 -port 51953 -testLoaderClass org.eclipse.jdt.internal.junit.runner.junit3.JUnit3TestLoader -loaderpluginname org.eclipse.jdt.junit.runtime -classNames jemushatt.hw4.TestComposite
java_class_path (initial): C:\Users\johnm\eclipse-workspace\Algorithms\bin;C:\Users\johnm\.p2\pool\plugins\org.junit_4.12.0.v201504281640\junit.jar;C:\Users\johnm\eclipse\java-photon\eclipse\configuration\org.eclipse.osgi\234\0\.cp
Launcher Type: SUN_STANDARD

Environment Variables:
PATH=C:/Program Files/Java/jre1.8.0_201/bin/server;C:/Program Files/Java/jre1.8.0_201/bin;C:/Program Files/Java/jre1.8.0_201/lib/amd64;C:\Program Files (x86)\Razer Chroma SDK\bin;C:\Program Files\Razer Chroma SDK\bin;C:\Program Files (x86)\Common Files\Oracle\Java\javapath;C:\Windows\system32;C:\Windows;C:\Windows\System32\Wbem;C:\Windows\System32\WindowsPowerShell\v1.0\;C:\Windows\System32\OpenSSH\;C:\Program Files (x86)\NVIDIA Corporation\PhysX\Common;C:\Program Files\Git\cmd;C:\Windows\system32\config\systemprofile\AppData\Local\Microsoft\WindowsApps;C:\Program Files\NVIDIA Corporation\NVIDIA NvDLISR;C:\Program Files\MATLAB\R2018b\bin;C:\Program Files\PuTTY\;C:\Users\johnm\AppData\Local\Microsoft\WindowsApps;C:\Users\johnm\AppData\Local\GitHubDesktop\bin;C:\Users\johnm\eclipse\java-photon\eclipse;
USERNAME=johnm
OS=Windows_NT
PROCESSOR_IDENTIFIER=Intel64 Family 6 Model 158 Stepping 12, GenuineIntel



---------------  S Y S T E M  ---------------

OS: Windows 10.0 , 64 bit Build 17134 (10.0.17134.706)

CPU:total 6 (initial active 6) (6 cores per cpu, 1 threads per core) family 6 model 158 stepping 12, cmov, cx8, fxsr, mmx, sse, sse2, sse3, ssse3, sse4.1, sse4.2, popcnt, avx, avx2, aes, clmul, erms, rtm, 3dnowpref, lzcnt, tsc, tscinvbit, bmi1, bmi2, adx

Memory: 4k page, physical 16699792k(3865580k free), swap 23777680k(3791380k free)

vm_info: Java HotSpot(TM) 64-Bit Server VM (25.201-b09) for windows-amd64 JRE (1.8.0_201-b09), built on Dec 15 2018 18:36:39 by "java_re" with MS VC++ 10.0 (VS2010)

time: Sun Apr 21 22:47:16 2019
timezone: Eastern Daylight Time
elapsed time: 50 seconds (0d 0h 0m 50s)

